<?xml version="1.0" encoding="UTF-8"?>
<testsuite xmlns:xsi="http://www.w3.org/2001/XMLSchema-instance" xsi:schemaLocation="https://maven.apache.org/surefire/maven-surefire-plugin/xsd/surefire-test-report.xsd" name="com.testingdocs.serenity.AcceptanceTestSuite" time="86.176" tests="16" errors="0" skipped="0" failures="0">
  <properties>
[...]
</properties>
  <testcase name="BeforeStories" classname="java.lang.Object" time="0.101"/>
  <testcase name="Given the user is on the Wikionary home page" classname="com.testingdocs.serenity.steps.DefinitionSteps" time="12.846"/>
  <testcase name="Given the user is on the Wikionary home page" classname="com.testingdocs.serenity.steps.DefinitionSteps" time="14.328"/>
  <testcase name="Given the user is on the Wikionary home page" classname="com.testingdocs.serenity.steps.DefinitionSteps" time="10.005"/>
  <testcase name="When the user looks up the definition of the word &apos;cosine&apos;" classname="com.testingdocs.serenity.steps.DefinitionSteps" time="11.796"/>
  <testcase name="Then they should see the definition &apos;In a right triangle, the ratio of the length of the side adjacent to an acute angle to the length of the hypotenuse.&apos;" classname="com.testingdocs.serenity.steps.DefinitionSteps" time="0.697"/>
  <testcase name="Scenario: Looking up the definition of &apos;cosine&apos;" classname="Scenario: Looking up the definition of &apos;cosine&apos;" time="0.775"/>
  <testcase name="LookUpMathematicalWords.story" classname="LookUpMathematicalWords.story" time="6.83"/>
  <testcase name="When the user looks up the definition of the word &apos;apple&apos;" classname="com.testingdocs.serenity.steps.DefinitionSteps" time="3.853"/>
  <testcase name="Then they should see the definition &apos;A common, round fruit produced by the tree Malus domestica, cultivated in temperate climates.&apos;" classname="com.testingdocs.serenity.steps.DefinitionSteps" time="2.282"/>
  <testcase name="Scenario: Looking up the definition of &apos;apple&apos;" classname="Scenario: Looking up the definition of &apos;apple&apos;" time="2.393"/>
  <testcase name="When the user looks up the definition of the word &apos;pear&apos;" classname="com.testingdocs.serenity.steps.DefinitionSteps" time="3.189"/>
  <testcase name="Then they should see the definition &apos;An edible fruit produced by the pear tree, similar to an apple but elongated towards the stem.&apos;" classname="com.testingdocs.serenity.steps.DefinitionSteps" time="1.484"/>
  <testcase name="Scenario: Looking up the definition of &apos;pear&apos;" classname="Scenario: Looking up the definition of &apos;pear&apos;" time="1.559"/>
  <testcase name="LookupADefinition.story" classname="LookupADefinition.story" time="7.023"/>
  <testcase name="AfterStories" classname="java.lang.Object" time="0.002"/>
</testsuite>